<?xml version="1.0" encoding="UTF-8"?>
<testsuite xmlns:xsi="http://www.w3.org/2001/XMLSchema-instance" xsi:noNamespaceSchemaLocation="https://maven.apache.org/surefire/maven-surefire-plugin/xsd/surefire-test-report-3.0.xsd" version="3.0" name="com.rumer.taskify.TaskifyApplicationTests" time="8.064" tests="1" errors="0" skipped="0" failures="0">
  <properties>
[...]
</properties>
  <testcase name="contextLoads" classname="com.rumer.taskify.TaskifyApplicationTests" time="0.365">
    <system-out><![CDATA[02:51:00.499 [main] INFO org.springframework.test.context.support.AnnotationConfigContextLoaderUtils -- Could not detect default configuration classes for test class [com.rumer.taskify.TaskifyApplicationTests]: TaskifyApplicationTests does not declare any static, non-private, non-final, nested classes annotated with @Configuration.
02:51:00.619 [main] INFO org.springframework.boot.test.context.SpringBootTestContextBootstrapper -- Found @SpringBootConfiguration com.rumer.taskify.TaskifyApplication for test class com.rumer.taskify.TaskifyApplicationTests
02:51:00.764 [main] INFO org.springframework.boot.devtools.restart.RestartApplicationListener -- Restart disabled due to context in which it is running

  .   ____          _            __ _ _
 /\\ / ___'_ __ _ _(_)_ __  __ _ \ \ \ \
( ( )\___ | '_ | '_| | '_ \/ _` | \ \ \ \
 \\/  ___)| |_)| | | | | || (_| |  ) ) ) )
  '  |____| .__|_| |_|_| |_\__, | / / / /
 =========|_|==============|___/=/_/_/_/

 :: Spring Boot ::               (v3.3.13)

2025-08-13T02:51:00.966+03:00  INFO 22884 --- [taskify] [           main] c.rumer.taskify.TaskifyApplicationTests  : Starting TaskifyApplicationTests using Java 21.0.7 with PID 22884 (started by aciog in C:\Users\aciog\Desktop\taskify\taskify)
2025-08-13T02:51:00.967+03:00  INFO 22884 --- [taskify] [           main] c.rumer.taskify.TaskifyApplicationTests  : No active profile set, falling back to 1 default profile: "default"
2025-08-13T02:51:01.580+03:00  INFO 22884 --- [taskify] [           main] .s.d.r.c.RepositoryConfigurationDelegate : Bootstrapping Spring Data JPA repositories in DEFAULT mode.
2025-08-13T02:51:01.642+03:00  INFO 22884 --- [taskify] [           main] .s.d.r.c.RepositoryConfigurationDelegate : Finished Spring Data repository scanning in 48 ms. Found 4 JPA repository interfaces.
2025-08-13T02:51:02.159+03:00  INFO 22884 --- [taskify] [           main] o.hibernate.jpa.internal.util.LogHelper  : HHH000204: Processing PersistenceUnitInfo [name: default]
2025-08-13T02:51:02.216+03:00  INFO 22884 --- [taskify] [           main] org.hibernate.Version                    : HHH000412: Hibernate ORM core version 6.5.3.Final
2025-08-13T02:51:02.278+03:00  INFO 22884 --- [taskify] [           main] o.h.c.internal.RegionFactoryInitiator    : HHH000026: Second-level cache disabled
2025-08-13T02:51:02.616+03:00  INFO 22884 --- [taskify] [           main] o.s.o.j.p.SpringPersistenceUnitInfo      : No LoadTimeWeaver setup: ignoring JPA class transformer
2025-08-13T02:51:02.641+03:00  INFO 22884 --- [taskify] [           main] com.zaxxer.hikari.HikariDataSource       : HikariPool-1 - Starting...
2025-08-13T02:51:03.718+03:00  INFO 22884 --- [taskify] [           main] com.zaxxer.hikari.pool.HikariPool        : HikariPool-1 - Added connection org.postgresql.jdbc.PgConnection@61ad30f6
2025-08-13T02:51:03.718+03:00  INFO 22884 --- [taskify] [           main] com.zaxxer.hikari.HikariDataSource       : HikariPool-1 - Start completed.
2025-08-13T02:51:03.827+03:00  WARN 22884 --- [taskify] [           main] org.hibernate.orm.deprecation            : HHH90000025: PostgreSQLDialect does not need to be specified explicitly using 'hibernate.dialect' (remove the property setting and it will be selected by default)
2025-08-13T02:51:04.922+03:00  INFO 22884 --- [taskify] [           main] o.h.e.t.j.p.i.JtaPlatformInitiator       : HHH000489: No JTA platform available (set 'hibernate.transaction.jta.platform' to enable JTA platform integration)
2025-08-13T02:51:06.703+03:00  INFO 22884 --- [taskify] [           main] j.LocalContainerEntityManagerFactoryBean : Initialized JPA EntityManagerFactory for persistence unit 'default'
2025-08-13T02:51:07.118+03:00  INFO 22884 --- [taskify] [           main] r$InitializeUserDetailsManagerConfigurer : Global AuthenticationManager configured with UserDetailsService bean with name userDetailsServiceImpl
2025-08-13T02:51:07.239+03:00  WARN 22884 --- [taskify] [           main] JpaBaseConfiguration$JpaWebConfiguration : spring.jpa.open-in-view is enabled by default. Therefore, database queries may be performed during view rendering. Explicitly configure spring.jpa.open-in-view to disable this warning
2025-08-13T02:51:08.060+03:00  INFO 22884 --- [taskify] [           main] c.rumer.taskify.TaskifyApplicationTests  : Started TaskifyApplicationTests in 7.313 seconds (process running for 8.124)
]]></system-out>
    <system-err><![CDATA[WARNING: A Java agent has been loaded dynamically (C:\Users\aciog\.m2\repository\net\bytebuddy\byte-buddy-agent\1.14.19\byte-buddy-agent-1.14.19.jar)
WARNING: If a serviceability tool is in use, please run with -XX:+EnableDynamicAgentLoading to hide this warning
WARNING: If a serviceability tool is not in use, please run with -Djdk.instrument.traceUsage for more information
WARNING: Dynamic loading of agents will be disallowed by default in a future release
]]></system-err>
  </testcase>
</testsuite>